[ 2023-01-02 16:10:16,502 ] 22 root - INFO - Exporting collection data as pandas dataframe
[ 2023-01-02 16:10:16,502 ] 21 root - INFO - Reading data from database: aps and collection: sensor
[ 2023-01-02 16:10:20,152 ] 26 root - INFO - Found columns: Index(['_id', 'class', 'aa_000', 'ab_000', 'ac_000', 'ad_000', 'ae_000',
       'af_000', 'ag_000', 'ag_001',
       ...
       'ee_002', 'ee_003', 'ee_004', 'ee_005', 'ee_006', 'ee_007', 'ee_008',
       'ee_009', 'ef_000', 'eg_000'],
      dtype='object', length=172)
[ 2023-01-02 16:10:20,152 ] 28 root - INFO - Dropping column: _id 
[ 2023-01-02 16:10:20,415 ] 30 root - INFO - Row and columns in df: (36188, 171)
[ 2023-01-02 16:10:20,416 ] 28 root - INFO - Save data in feature store
[ 2023-01-02 16:10:21,005 ] 34 root - INFO - Create feature store folder if not available
[ 2023-01-02 16:10:21,005 ] 38 root - INFO - Save df to feature store folder
[ 2023-01-02 16:10:23,718 ] 43 root - INFO - split dataset into train and test set
[ 2023-01-02 16:10:24,494 ] 47 root - INFO - create dataset directory folder if not available
[ 2023-01-02 16:10:24,495 ] 52 root - INFO - Save df to feature store folder
[ 2023-01-02 16:10:26,784 ] 64 root - INFO - Data ingestion artifact: DataIngestionArtifact(feature_store_file_path='/config/workspace/artifact/01022023__161016/data_ingestion/feature_store/sensor.csv', train_file_path='/config/workspace/artifact/01022023__161016/data_ingestion/dataset/train.csv', test_file_path='/config/workspace/artifact/01022023__161016/data_ingestion/dataset/test.csv')
[ 2023-01-02 16:10:27,264 ] 22 root - INFO - >>>>>>>>>>>>>>>>>>>>>>>>>>>>>>>>>>>>>>>> Data Validation <<<<<<<<<<<<<<<<<<<<<<<<<<<<<<<<<<<<<<<<
[ 2023-01-02 16:10:27,265 ] 111 root - INFO - Reading base dataframe
[ 2023-01-02 16:10:30,296 ] 114 root - INFO - Replace na value in base df
[ 2023-01-02 16:10:30,297 ] 116 root - INFO - Drop null values colums from base df
[ 2023-01-02 16:10:31,252 ] 45 root - INFO - selecting column name which contains null above to 0.2
[ 2023-01-02 16:10:31,253 ] 48 root - INFO - Columns to drop: ['ab_000', 'ad_000', 'bk_000', 'bl_000', 'bm_000', 'bn_000', 'bo_000', 'bp_000', 'bq_000', 'br_000', 'cf_000', 'cg_000', 'ch_000', 'co_000', 'cr_000', 'ct_000', 'cu_000', 'cv_000', 'cx_000', 'cy_000', 'cz_000', 'da_000', 'db_000', 'dc_000']
[ 2023-01-02 16:10:31,378 ] 119 root - INFO - Reading train dataframe
[ 2023-01-02 16:10:31,774 ] 121 root - INFO - Reading test dataframe
[ 2023-01-02 16:10:31,875 ] 124 root - INFO - Drop null values colums from train df
[ 2023-01-02 16:10:31,887 ] 45 root - INFO - selecting column name which contains null above to 0.2
[ 2023-01-02 16:10:31,887 ] 48 root - INFO - Columns to drop: ['ab_000', 'ad_000', 'bk_000', 'bl_000', 'bm_000', 'bn_000', 'bo_000', 'bp_000', 'bq_000', 'br_000', 'cf_000', 'cg_000', 'ch_000', 'co_000', 'cr_000', 'ct_000', 'cu_000', 'cv_000', 'cx_000', 'cy_000', 'cz_000', 'da_000', 'db_000', 'dc_000']
[ 2023-01-02 16:10:31,896 ] 126 root - INFO - Drop null values colums from test df
[ 2023-01-02 16:10:31,900 ] 45 root - INFO - selecting column name which contains null above to 0.2
[ 2023-01-02 16:10:31,901 ] 48 root - INFO - Columns to drop: ['ab_000', 'ad_000', 'bk_000', 'bl_000', 'bm_000', 'bn_000', 'bo_000', 'bp_000', 'bq_000', 'br_000', 'cf_000', 'cg_000', 'ch_000', 'co_000', 'cr_000', 'ct_000', 'cu_000', 'cv_000', 'cx_000', 'cy_000', 'cz_000', 'da_000', 'db_000', 'dc_000']
[ 2023-01-02 16:10:38,128 ] 135 root - INFO - Is all required columns present in train df
[ 2023-01-02 16:10:38,128 ] 137 root - INFO - Is all required columns present in test df
[ 2023-01-02 16:10:38,128 ] 141 root - INFO - As all column are available in train df hence detecting data drift
[ 2023-01-02 16:10:38,129 ] 89 root - INFO - Hypothesis class: object, object 
[ 2023-01-02 16:10:38,274 ] 89 root - INFO - Hypothesis aa_000: float64, float64 
[ 2023-01-02 16:10:38,318 ] 89 root - INFO - Hypothesis ac_000: float64, float64 
[ 2023-01-02 16:10:38,327 ] 89 root - INFO - Hypothesis ae_000: float64, float64 
[ 2023-01-02 16:10:38,365 ] 89 root - INFO - Hypothesis af_000: float64, float64 
[ 2023-01-02 16:10:38,404 ] 89 root - INFO - Hypothesis ag_000: float64, float64 
[ 2023-01-02 16:10:38,442 ] 89 root - INFO - Hypothesis ag_001: float64, float64 
[ 2023-01-02 16:10:38,479 ] 89 root - INFO - Hypothesis ag_002: float64, float64 
[ 2023-01-02 16:10:38,517 ] 89 root - INFO - Hypothesis ag_003: float64, float64 
[ 2023-01-02 16:10:38,556 ] 89 root - INFO - Hypothesis ag_004: float64, float64 
[ 2023-01-02 16:10:38,567 ] 89 root - INFO - Hypothesis ag_005: float64, float64 
[ 2023-01-02 16:10:38,577 ] 89 root - INFO - Hypothesis ag_006: float64, float64 
[ 2023-01-02 16:10:38,588 ] 89 root - INFO - Hypothesis ag_007: float64, float64 
[ 2023-01-02 16:10:38,597 ] 89 root - INFO - Hypothesis ag_008: float64, float64 
[ 2023-01-02 16:10:38,639 ] 89 root - INFO - Hypothesis ag_009: float64, float64 
[ 2023-01-02 16:10:38,679 ] 89 root - INFO - Hypothesis ah_000: float64, float64 
[ 2023-01-02 16:10:38,690 ] 89 root - INFO - Hypothesis ai_000: float64, float64 
[ 2023-01-02 16:10:38,727 ] 89 root - INFO - Hypothesis aj_000: float64, float64 
[ 2023-01-02 16:10:38,766 ] 89 root - INFO - Hypothesis ak_000: float64, float64 
[ 2023-01-02 16:10:38,805 ] 89 root - INFO - Hypothesis al_000: float64, float64 
[ 2023-01-02 16:10:38,813 ] 89 root - INFO - Hypothesis am_0: float64, float64 
[ 2023-01-02 16:10:38,821 ] 89 root - INFO - Hypothesis an_000: float64, float64 
[ 2023-01-02 16:10:38,831 ] 89 root - INFO - Hypothesis ao_000: float64, float64 
[ 2023-01-02 16:10:38,842 ] 89 root - INFO - Hypothesis ap_000: float64, float64 
[ 2023-01-02 16:10:38,852 ] 89 root - INFO - Hypothesis aq_000: float64, float64 
[ 2023-01-02 16:10:38,863 ] 89 root - INFO - Hypothesis ar_000: float64, float64 
[ 2023-01-02 16:10:38,902 ] 89 root - INFO - Hypothesis as_000: float64, float64 
[ 2023-01-02 16:10:38,939 ] 89 root - INFO - Hypothesis at_000: float64, float64 
[ 2023-01-02 16:10:38,977 ] 89 root - INFO - Hypothesis au_000: float64, float64 
[ 2023-01-02 16:10:39,014 ] 89 root - INFO - Hypothesis av_000: float64, float64 
[ 2023-01-02 16:10:39,023 ] 89 root - INFO - Hypothesis ax_000: float64, float64 
[ 2023-01-02 16:10:39,031 ] 89 root - INFO - Hypothesis ay_000: float64, float64 
[ 2023-01-02 16:10:39,068 ] 89 root - INFO - Hypothesis ay_001: float64, float64 
[ 2023-01-02 16:10:39,105 ] 89 root - INFO - Hypothesis ay_002: float64, float64 
[ 2023-01-02 16:10:39,143 ] 89 root - INFO - Hypothesis ay_003: float64, float64 
[ 2023-01-02 16:10:39,180 ] 89 root - INFO - Hypothesis ay_004: float64, float64 
[ 2023-01-02 16:10:39,218 ] 89 root - INFO - Hypothesis ay_005: float64, float64 
[ 2023-01-02 16:10:39,261 ] 89 root - INFO - Hypothesis ay_006: float64, float64 
[ 2023-01-02 16:10:39,270 ] 89 root - INFO - Hypothesis ay_007: float64, float64 
[ 2023-01-02 16:10:39,314 ] 89 root - INFO - Hypothesis ay_008: float64, float64 
[ 2023-01-02 16:10:39,324 ] 89 root - INFO - Hypothesis ay_009: float64, float64 
[ 2023-01-02 16:10:39,361 ] 89 root - INFO - Hypothesis az_000: float64, float64 
[ 2023-01-02 16:10:39,371 ] 89 root - INFO - Hypothesis az_001: float64, float64 
[ 2023-01-02 16:10:39,380 ] 89 root - INFO - Hypothesis az_002: float64, float64 
[ 2023-01-02 16:10:39,389 ] 89 root - INFO - Hypothesis az_003: float64, float64 
[ 2023-01-02 16:10:39,437 ] 89 root - INFO - Hypothesis az_004: float64, float64 
[ 2023-01-02 16:10:39,481 ] 89 root - INFO - Hypothesis az_005: float64, float64 
[ 2023-01-02 16:10:39,492 ] 89 root - INFO - Hypothesis az_006: float64, float64 
[ 2023-01-02 16:10:39,535 ] 89 root - INFO - Hypothesis az_007: float64, float64 
[ 2023-01-02 16:10:39,574 ] 89 root - INFO - Hypothesis az_008: float64, float64 
[ 2023-01-02 16:10:39,616 ] 89 root - INFO - Hypothesis az_009: float64, float64 
[ 2023-01-02 16:10:39,653 ] 89 root - INFO - Hypothesis ba_000: float64, float64 
[ 2023-01-02 16:10:39,664 ] 89 root - INFO - Hypothesis ba_001: float64, float64 
[ 2023-01-02 16:10:39,708 ] 89 root - INFO - Hypothesis ba_002: float64, float64 
[ 2023-01-02 16:10:39,751 ] 89 root - INFO - Hypothesis ba_003: float64, float64 
[ 2023-01-02 16:10:39,796 ] 89 root - INFO - Hypothesis ba_004: float64, float64 
[ 2023-01-02 16:10:39,839 ] 89 root - INFO - Hypothesis ba_005: float64, float64 
[ 2023-01-02 16:10:39,882 ] 89 root - INFO - Hypothesis ba_006: float64, float64 
[ 2023-01-02 16:10:39,892 ] 89 root - INFO - Hypothesis ba_007: float64, float64 
[ 2023-01-02 16:10:39,902 ] 89 root - INFO - Hypothesis ba_008: float64, float64 
[ 2023-01-02 16:10:39,910 ] 89 root - INFO - Hypothesis ba_009: float64, float64 
[ 2023-01-02 16:10:39,917 ] 89 root - INFO - Hypothesis bb_000: float64, float64 
[ 2023-01-02 16:10:39,927 ] 89 root - INFO - Hypothesis bc_000: float64, float64 
[ 2023-01-02 16:10:39,935 ] 89 root - INFO - Hypothesis bd_000: float64, float64 
[ 2023-01-02 16:10:39,943 ] 89 root - INFO - Hypothesis be_000: float64, float64 
[ 2023-01-02 16:10:39,985 ] 89 root - INFO - Hypothesis bf_000: float64, float64 
[ 2023-01-02 16:10:40,025 ] 89 root - INFO - Hypothesis bg_000: float64, float64 
[ 2023-01-02 16:10:40,035 ] 89 root - INFO - Hypothesis bh_000: float64, float64 
[ 2023-01-02 16:10:40,046 ] 89 root - INFO - Hypothesis bi_000: float64, float64 
[ 2023-01-02 16:10:40,057 ] 89 root - INFO - Hypothesis bj_000: float64, float64 
[ 2023-01-02 16:10:40,068 ] 89 root - INFO - Hypothesis bs_000: float64, float64 
[ 2023-01-02 16:10:40,078 ] 89 root - INFO - Hypothesis bt_000: float64, float64 
[ 2023-01-02 16:10:40,123 ] 89 root - INFO - Hypothesis bu_000: float64, float64 
[ 2023-01-02 16:10:40,133 ] 89 root - INFO - Hypothesis bv_000: float64, float64 
[ 2023-01-02 16:10:40,144 ] 89 root - INFO - Hypothesis bx_000: float64, float64 
[ 2023-01-02 16:10:40,188 ] 89 root - INFO - Hypothesis by_000: float64, float64 
[ 2023-01-02 16:10:40,233 ] 89 root - INFO - Hypothesis bz_000: float64, float64 
[ 2023-01-02 16:10:40,243 ] 89 root - INFO - Hypothesis ca_000: float64, float64 
[ 2023-01-02 16:10:40,254 ] 89 root - INFO - Hypothesis cb_000: float64, float64 
[ 2023-01-02 16:10:40,265 ] 89 root - INFO - Hypothesis cc_000: float64, float64 
[ 2023-01-02 16:10:40,309 ] 89 root - INFO - Hypothesis cd_000: float64, float64 
[ 2023-01-02 16:10:40,348 ] 89 root - INFO - Hypothesis ce_000: float64, float64 
[ 2023-01-02 16:10:40,358 ] 89 root - INFO - Hypothesis ci_000: float64, float64 
[ 2023-01-02 16:10:40,368 ] 89 root - INFO - Hypothesis cj_000: float64, float64 
[ 2023-01-02 16:10:40,407 ] 89 root - INFO - Hypothesis ck_000: float64, float64 
[ 2023-01-02 16:10:40,418 ] 89 root - INFO - Hypothesis cl_000: float64, float64 
[ 2023-01-02 16:10:40,456 ] 89 root - INFO - Hypothesis cm_000: float64, float64 
[ 2023-01-02 16:10:40,496 ] 89 root - INFO - Hypothesis cn_000: float64, float64 
[ 2023-01-02 16:10:40,534 ] 89 root - INFO - Hypothesis cn_001: float64, float64 
[ 2023-01-02 16:10:40,540 ] 89 root - INFO - Hypothesis cn_002: float64, float64 
[ 2023-01-02 16:10:40,548 ] 89 root - INFO - Hypothesis cn_003: float64, float64 
[ 2023-01-02 16:10:40,559 ] 89 root - INFO - Hypothesis cn_004: float64, float64 
[ 2023-01-02 16:10:40,569 ] 89 root - INFO - Hypothesis cn_005: float64, float64 
[ 2023-01-02 16:10:40,580 ] 89 root - INFO - Hypothesis cn_006: float64, float64 
[ 2023-01-02 16:10:40,590 ] 89 root - INFO - Hypothesis cn_007: float64, float64 
[ 2023-01-02 16:10:40,600 ] 89 root - INFO - Hypothesis cn_008: float64, float64 
[ 2023-01-02 16:10:40,643 ] 89 root - INFO - Hypothesis cn_009: float64, float64 
[ 2023-01-02 16:10:40,684 ] 89 root - INFO - Hypothesis cp_000: float64, float64 
[ 2023-01-02 16:10:40,692 ] 89 root - INFO - Hypothesis cq_000: float64, float64 
[ 2023-01-02 16:10:40,703 ] 89 root - INFO - Hypothesis cs_000: float64, float64 
[ 2023-01-02 16:10:40,713 ] 89 root - INFO - Hypothesis cs_001: float64, float64 
[ 2023-01-02 16:10:40,755 ] 89 root - INFO - Hypothesis cs_002: float64, float64 
[ 2023-01-02 16:10:40,766 ] 89 root - INFO - Hypothesis cs_003: float64, float64 
[ 2023-01-02 16:10:40,776 ] 89 root - INFO - Hypothesis cs_004: float64, float64 
[ 2023-01-02 16:10:40,787 ] 89 root - INFO - Hypothesis cs_005: float64, float64 
[ 2023-01-02 16:10:40,798 ] 89 root - INFO - Hypothesis cs_006: float64, float64 
[ 2023-01-02 16:10:40,809 ] 89 root - INFO - Hypothesis cs_007: float64, float64 
[ 2023-01-02 16:10:40,854 ] 89 root - INFO - Hypothesis cs_008: float64, float64 
[ 2023-01-02 16:10:40,896 ] 89 root - INFO - Hypothesis cs_009: float64, float64 
[ 2023-01-02 16:10:40,934 ] 89 root - INFO - Hypothesis dd_000: float64, float64 
[ 2023-01-02 16:10:40,943 ] 89 root - INFO - Hypothesis de_000: float64, float64 
[ 2023-01-02 16:10:40,987 ] 89 root - INFO - Hypothesis df_000: float64, float64 
[ 2023-01-02 16:10:41,026 ] 89 root - INFO - Hypothesis dg_000: float64, float64 
[ 2023-01-02 16:10:41,064 ] 89 root - INFO - Hypothesis dh_000: float64, float64 
[ 2023-01-02 16:10:41,103 ] 89 root - INFO - Hypothesis di_000: float64, float64 
[ 2023-01-02 16:10:41,145 ] 89 root - INFO - Hypothesis dj_000: float64, float64 
[ 2023-01-02 16:10:41,182 ] 89 root - INFO - Hypothesis dk_000: float64, float64 
[ 2023-01-02 16:10:41,219 ] 89 root - INFO - Hypothesis dl_000: float64, float64 
[ 2023-01-02 16:10:41,263 ] 89 root - INFO - Hypothesis dm_000: float64, float64 
[ 2023-01-02 16:10:41,306 ] 89 root - INFO - Hypothesis dn_000: float64, float64 
[ 2023-01-02 16:10:41,350 ] 89 root - INFO - Hypothesis do_000: float64, float64 
[ 2023-01-02 16:10:41,393 ] 89 root - INFO - Hypothesis dp_000: float64, float64 
[ 2023-01-02 16:10:41,403 ] 89 root - INFO - Hypothesis dq_000: float64, float64 
[ 2023-01-02 16:10:41,409 ] 89 root - INFO - Hypothesis dr_000: float64, float64 
[ 2023-01-02 16:10:41,416 ] 89 root - INFO - Hypothesis ds_000: float64, float64 
[ 2023-01-02 16:10:41,426 ] 89 root - INFO - Hypothesis dt_000: float64, float64 
[ 2023-01-02 16:10:41,436 ] 89 root - INFO - Hypothesis du_000: float64, float64 
[ 2023-01-02 16:10:41,446 ] 89 root - INFO - Hypothesis dv_000: float64, float64 
[ 2023-01-02 16:10:41,456 ] 89 root - INFO - Hypothesis dx_000: float64, float64 
[ 2023-01-02 16:10:41,496 ] 89 root - INFO - Hypothesis dy_000: float64, float64 
[ 2023-01-02 16:10:41,536 ] 89 root - INFO - Hypothesis dz_000: float64, float64 
[ 2023-01-02 16:10:41,575 ] 89 root - INFO - Hypothesis ea_000: float64, float64 
[ 2023-01-02 16:10:41,612 ] 89 root - INFO - Hypothesis eb_000: float64, float64 
[ 2023-01-02 16:10:41,654 ] 89 root - INFO - Hypothesis ec_00: float64, float64 
[ 2023-01-02 16:10:41,664 ] 89 root - INFO - Hypothesis ed_000: float64, float64 
[ 2023-01-02 16:10:41,707 ] 89 root - INFO - Hypothesis ee_000: float64, float64 
[ 2023-01-02 16:10:41,753 ] 89 root - INFO - Hypothesis ee_001: float64, float64 
[ 2023-01-02 16:10:41,765 ] 89 root - INFO - Hypothesis ee_002: float64, float64 
[ 2023-01-02 16:10:41,808 ] 89 root - INFO - Hypothesis ee_003: float64, float64 
[ 2023-01-02 16:10:41,853 ] 89 root - INFO - Hypothesis ee_004: float64, float64 
[ 2023-01-02 16:10:41,896 ] 89 root - INFO - Hypothesis ee_005: float64, float64 
[ 2023-01-02 16:10:41,940 ] 89 root - INFO - Hypothesis ee_006: float64, float64 
[ 2023-01-02 16:10:41,982 ] 89 root - INFO - Hypothesis ee_007: float64, float64 
[ 2023-01-02 16:10:41,992 ] 89 root - INFO - Hypothesis ee_008: float64, float64 
[ 2023-01-02 16:10:42,034 ] 89 root - INFO - Hypothesis ee_009: float64, float64 
[ 2023-01-02 16:10:42,075 ] 89 root - INFO - Hypothesis ef_000: float64, float64 
[ 2023-01-02 16:10:42,116 ] 89 root - INFO - Hypothesis eg_000: float64, float64 
[ 2023-01-02 16:10:42,155 ] 144 root - INFO - As all column are available in test df hence detecting data drift
[ 2023-01-02 16:10:42,155 ] 89 root - INFO - Hypothesis class: object, object 
[ 2023-01-02 16:10:42,232 ] 89 root - INFO - Hypothesis aa_000: float64, float64 
[ 2023-01-02 16:10:42,239 ] 89 root - INFO - Hypothesis ac_000: float64, float64 
[ 2023-01-02 16:10:42,245 ] 89 root - INFO - Hypothesis ae_000: float64, float64 
[ 2023-01-02 16:10:42,253 ] 89 root - INFO - Hypothesis af_000: float64, float64 
[ 2023-01-02 16:10:42,256 ] 89 root - INFO - Hypothesis ag_000: float64, float64 
[ 2023-01-02 16:10:42,272 ] 89 root - INFO - Hypothesis ag_001: float64, float64 
[ 2023-01-02 16:10:42,288 ] 89 root - INFO - Hypothesis ag_002: float64, float64 
[ 2023-01-02 16:10:42,304 ] 89 root - INFO - Hypothesis ag_003: float64, float64 
[ 2023-01-02 16:10:42,308 ] 89 root - INFO - Hypothesis ag_004: float64, float64 
[ 2023-01-02 16:10:42,315 ] 89 root - INFO - Hypothesis ag_005: float64, float64 
[ 2023-01-02 16:10:42,322 ] 89 root - INFO - Hypothesis ag_006: float64, float64 
[ 2023-01-02 16:10:42,329 ] 89 root - INFO - Hypothesis ag_007: float64, float64 
[ 2023-01-02 16:10:42,335 ] 89 root - INFO - Hypothesis ag_008: float64, float64 
[ 2023-01-02 16:10:42,341 ] 89 root - INFO - Hypothesis ag_009: float64, float64 
[ 2023-01-02 16:10:42,345 ] 89 root - INFO - Hypothesis ah_000: float64, float64 
[ 2023-01-02 16:10:42,353 ] 89 root - INFO - Hypothesis ai_000: float64, float64 
[ 2023-01-02 16:10:42,369 ] 89 root - INFO - Hypothesis aj_000: float64, float64 
[ 2023-01-02 16:10:42,373 ] 89 root - INFO - Hypothesis ak_000: float64, float64 
[ 2023-01-02 16:10:42,376 ] 89 root - INFO - Hypothesis al_000: float64, float64 
[ 2023-01-02 16:10:42,381 ] 89 root - INFO - Hypothesis am_0: float64, float64 
[ 2023-01-02 16:10:42,386 ] 89 root - INFO - Hypothesis an_000: float64, float64 
[ 2023-01-02 16:10:42,393 ] 89 root - INFO - Hypothesis ao_000: float64, float64 
[ 2023-01-02 16:10:42,400 ] 89 root - INFO - Hypothesis ap_000: float64, float64 
[ 2023-01-02 16:10:42,407 ] 89 root - INFO - Hypothesis aq_000: float64, float64 
[ 2023-01-02 16:10:42,414 ] 89 root - INFO - Hypothesis ar_000: float64, float64 
[ 2023-01-02 16:10:42,417 ] 89 root - INFO - Hypothesis as_000: float64, float64 
[ 2023-01-02 16:10:42,433 ] 89 root - INFO - Hypothesis at_000: float64, float64 
[ 2023-01-02 16:10:42,449 ] 89 root - INFO - Hypothesis au_000: float64, float64 
[ 2023-01-02 16:10:42,464 ] 89 root - INFO - Hypothesis av_000: float64, float64 
[ 2023-01-02 16:10:42,469 ] 89 root - INFO - Hypothesis ax_000: float64, float64 
[ 2023-01-02 16:10:42,475 ] 89 root - INFO - Hypothesis ay_000: float64, float64 
[ 2023-01-02 16:10:42,490 ] 89 root - INFO - Hypothesis ay_001: float64, float64 
[ 2023-01-02 16:10:42,505 ] 89 root - INFO - Hypothesis ay_002: float64, float64 
[ 2023-01-02 16:10:42,521 ] 89 root - INFO - Hypothesis ay_003: float64, float64 
[ 2023-01-02 16:10:42,536 ] 89 root - INFO - Hypothesis ay_004: float64, float64 
[ 2023-01-02 16:10:42,552 ] 89 root - INFO - Hypothesis ay_005: float64, float64 
[ 2023-01-02 16:10:42,557 ] 89 root - INFO - Hypothesis ay_006: float64, float64 
[ 2023-01-02 16:10:42,563 ] 89 root - INFO - Hypothesis ay_007: float64, float64 
[ 2023-01-02 16:10:42,570 ] 89 root - INFO - Hypothesis ay_008: float64, float64 
[ 2023-01-02 16:10:42,577 ] 89 root - INFO - Hypothesis ay_009: float64, float64 
[ 2023-01-02 16:10:42,592 ] 89 root - INFO - Hypothesis az_000: float64, float64 
[ 2023-01-02 16:10:42,599 ] 89 root - INFO - Hypothesis az_001: float64, float64 
[ 2023-01-02 16:10:42,605 ] 89 root - INFO - Hypothesis az_002: float64, float64 
[ 2023-01-02 16:10:42,611 ] 89 root - INFO - Hypothesis az_003: float64, float64 
[ 2023-01-02 16:10:42,618 ] 89 root - INFO - Hypothesis az_004: float64, float64 
[ 2023-01-02 16:10:42,625 ] 89 root - INFO - Hypothesis az_005: float64, float64 
[ 2023-01-02 16:10:42,634 ] 89 root - INFO - Hypothesis az_006: float64, float64 
[ 2023-01-02 16:10:42,640 ] 89 root - INFO - Hypothesis az_007: float64, float64 
[ 2023-01-02 16:10:42,645 ] 89 root - INFO - Hypothesis az_008: float64, float64 
[ 2023-01-02 16:10:42,660 ] 89 root - INFO - Hypothesis az_009: float64, float64 
[ 2023-01-02 16:10:42,676 ] 89 root - INFO - Hypothesis ba_000: float64, float64 
[ 2023-01-02 16:10:42,683 ] 89 root - INFO - Hypothesis ba_001: float64, float64 
[ 2023-01-02 16:10:42,690 ] 89 root - INFO - Hypothesis ba_002: float64, float64 
[ 2023-01-02 16:10:42,697 ] 89 root - INFO - Hypothesis ba_003: float64, float64 
[ 2023-01-02 16:10:42,704 ] 89 root - INFO - Hypothesis ba_004: float64, float64 
[ 2023-01-02 16:10:42,710 ] 89 root - INFO - Hypothesis ba_005: float64, float64 
[ 2023-01-02 16:10:42,717 ] 89 root - INFO - Hypothesis ba_006: float64, float64 
[ 2023-01-02 16:10:42,724 ] 89 root - INFO - Hypothesis ba_007: float64, float64 
[ 2023-01-02 16:10:42,730 ] 89 root - INFO - Hypothesis ba_008: float64, float64 
[ 2023-01-02 16:10:42,736 ] 89 root - INFO - Hypothesis ba_009: float64, float64 
[ 2023-01-02 16:10:42,741 ] 89 root - INFO - Hypothesis bb_000: float64, float64 
[ 2023-01-02 16:10:42,748 ] 89 root - INFO - Hypothesis bc_000: float64, float64 
[ 2023-01-02 16:10:42,753 ] 89 root - INFO - Hypothesis bd_000: float64, float64 
[ 2023-01-02 16:10:42,759 ] 89 root - INFO - Hypothesis be_000: float64, float64 
[ 2023-01-02 16:10:42,765 ] 89 root - INFO - Hypothesis bf_000: float64, float64 
[ 2023-01-02 16:10:42,770 ] 89 root - INFO - Hypothesis bg_000: float64, float64 
[ 2023-01-02 16:10:42,778 ] 89 root - INFO - Hypothesis bh_000: float64, float64 
[ 2023-01-02 16:10:42,785 ] 89 root - INFO - Hypothesis bi_000: float64, float64 
[ 2023-01-02 16:10:42,792 ] 89 root - INFO - Hypothesis bj_000: float64, float64 
[ 2023-01-02 16:10:42,800 ] 89 root - INFO - Hypothesis bs_000: float64, float64 
[ 2023-01-02 16:10:42,807 ] 89 root - INFO - Hypothesis bt_000: float64, float64 
[ 2023-01-02 16:10:42,814 ] 89 root - INFO - Hypothesis bu_000: float64, float64 
[ 2023-01-02 16:10:42,821 ] 89 root - INFO - Hypothesis bv_000: float64, float64 
[ 2023-01-02 16:10:42,829 ] 89 root - INFO - Hypothesis bx_000: float64, float64 
[ 2023-01-02 16:10:42,836 ] 89 root - INFO - Hypothesis by_000: float64, float64 
[ 2023-01-02 16:10:42,842 ] 89 root - INFO - Hypothesis bz_000: float64, float64 
[ 2023-01-02 16:10:42,849 ] 89 root - INFO - Hypothesis ca_000: float64, float64 
[ 2023-01-02 16:10:42,856 ] 89 root - INFO - Hypothesis cb_000: float64, float64 
[ 2023-01-02 16:10:42,863 ] 89 root - INFO - Hypothesis cc_000: float64, float64 
[ 2023-01-02 16:10:42,870 ] 89 root - INFO - Hypothesis cd_000: float64, float64 
[ 2023-01-02 16:10:42,886 ] 89 root - INFO - Hypothesis ce_000: float64, float64 
[ 2023-01-02 16:10:42,893 ] 89 root - INFO - Hypothesis ci_000: float64, float64 
[ 2023-01-02 16:10:42,900 ] 89 root - INFO - Hypothesis cj_000: float64, float64 
[ 2023-01-02 16:10:42,905 ] 89 root - INFO - Hypothesis ck_000: float64, float64 
[ 2023-01-02 16:10:42,912 ] 89 root - INFO - Hypothesis cl_000: float64, float64 
[ 2023-01-02 16:10:42,916 ] 89 root - INFO - Hypothesis cm_000: float64, float64 
[ 2023-01-02 16:10:42,921 ] 89 root - INFO - Hypothesis cn_000: float64, float64 
[ 2023-01-02 16:10:42,937 ] 89 root - INFO - Hypothesis cn_001: float64, float64 
[ 2023-01-02 16:10:42,941 ] 89 root - INFO - Hypothesis cn_002: float64, float64 
[ 2023-01-02 16:10:42,948 ] 89 root - INFO - Hypothesis cn_003: float64, float64 
[ 2023-01-02 16:10:42,955 ] 89 root - INFO - Hypothesis cn_004: float64, float64 
[ 2023-01-02 16:10:42,962 ] 89 root - INFO - Hypothesis cn_005: float64, float64 
[ 2023-01-02 16:10:42,969 ] 89 root - INFO - Hypothesis cn_006: float64, float64 
[ 2023-01-02 16:10:42,976 ] 89 root - INFO - Hypothesis cn_007: float64, float64 
[ 2023-01-02 16:10:42,982 ] 89 root - INFO - Hypothesis cn_008: float64, float64 
[ 2023-01-02 16:10:42,989 ] 89 root - INFO - Hypothesis cn_009: float64, float64 
[ 2023-01-02 16:10:42,994 ] 89 root - INFO - Hypothesis cp_000: float64, float64 
[ 2023-01-02 16:10:42,999 ] 89 root - INFO - Hypothesis cq_000: float64, float64 
[ 2023-01-02 16:10:43,006 ] 89 root - INFO - Hypothesis cs_000: float64, float64 
[ 2023-01-02 16:10:43,013 ] 89 root - INFO - Hypothesis cs_001: float64, float64 
[ 2023-01-02 16:10:43,019 ] 89 root - INFO - Hypothesis cs_002: float64, float64 
[ 2023-01-02 16:10:43,026 ] 89 root - INFO - Hypothesis cs_003: float64, float64 
[ 2023-01-02 16:10:43,033 ] 89 root - INFO - Hypothesis cs_004: float64, float64 
[ 2023-01-02 16:10:43,040 ] 89 root - INFO - Hypothesis cs_005: float64, float64 
[ 2023-01-02 16:10:43,047 ] 89 root - INFO - Hypothesis cs_006: float64, float64 
[ 2023-01-02 16:10:43,054 ] 89 root - INFO - Hypothesis cs_007: float64, float64 
[ 2023-01-02 16:10:43,061 ] 89 root - INFO - Hypothesis cs_008: float64, float64 
[ 2023-01-02 16:10:43,066 ] 89 root - INFO - Hypothesis cs_009: float64, float64 
[ 2023-01-02 16:10:43,082 ] 89 root - INFO - Hypothesis dd_000: float64, float64 
[ 2023-01-02 16:10:43,088 ] 89 root - INFO - Hypothesis de_000: float64, float64 
[ 2023-01-02 16:10:43,094 ] 89 root - INFO - Hypothesis df_000: float64, float64 
[ 2023-01-02 16:10:43,097 ] 89 root - INFO - Hypothesis dg_000: float64, float64 
[ 2023-01-02 16:10:43,100 ] 89 root - INFO - Hypothesis dh_000: float64, float64 
[ 2023-01-02 16:10:43,104 ] 89 root - INFO - Hypothesis di_000: float64, float64 
[ 2023-01-02 16:10:43,108 ] 89 root - INFO - Hypothesis dj_000: float64, float64 
[ 2023-01-02 16:10:43,111 ] 89 root - INFO - Hypothesis dk_000: float64, float64 
[ 2023-01-02 16:10:43,115 ] 89 root - INFO - Hypothesis dl_000: float64, float64 
[ 2023-01-02 16:10:43,118 ] 89 root - INFO - Hypothesis dm_000: float64, float64 
[ 2023-01-02 16:10:43,121 ] 89 root - INFO - Hypothesis dn_000: float64, float64 
[ 2023-01-02 16:10:43,128 ] 89 root - INFO - Hypothesis do_000: float64, float64 
[ 2023-01-02 16:10:43,134 ] 89 root - INFO - Hypothesis dp_000: float64, float64 
[ 2023-01-02 16:10:43,141 ] 89 root - INFO - Hypothesis dq_000: float64, float64 
[ 2023-01-02 16:10:43,145 ] 89 root - INFO - Hypothesis dr_000: float64, float64 
[ 2023-01-02 16:10:43,149 ] 89 root - INFO - Hypothesis ds_000: float64, float64 
[ 2023-01-02 16:10:43,156 ] 89 root - INFO - Hypothesis dt_000: float64, float64 
[ 2023-01-02 16:10:43,163 ] 89 root - INFO - Hypothesis du_000: float64, float64 
[ 2023-01-02 16:10:43,170 ] 89 root - INFO - Hypothesis dv_000: float64, float64 
[ 2023-01-02 16:10:43,176 ] 89 root - INFO - Hypothesis dx_000: float64, float64 
[ 2023-01-02 16:10:43,182 ] 89 root - INFO - Hypothesis dy_000: float64, float64 
[ 2023-01-02 16:10:43,187 ] 89 root - INFO - Hypothesis dz_000: float64, float64 
[ 2023-01-02 16:10:43,190 ] 89 root - INFO - Hypothesis ea_000: float64, float64 
[ 2023-01-02 16:10:43,193 ] 89 root - INFO - Hypothesis eb_000: float64, float64 
[ 2023-01-02 16:10:43,199 ] 89 root - INFO - Hypothesis ec_00: float64, float64 
[ 2023-01-02 16:10:43,205 ] 89 root - INFO - Hypothesis ed_000: float64, float64 
[ 2023-01-02 16:10:43,211 ] 89 root - INFO - Hypothesis ee_000: float64, float64 
[ 2023-01-02 16:10:43,218 ] 89 root - INFO - Hypothesis ee_001: float64, float64 
[ 2023-01-02 16:10:43,225 ] 89 root - INFO - Hypothesis ee_002: float64, float64 
[ 2023-01-02 16:10:43,232 ] 89 root - INFO - Hypothesis ee_003: float64, float64 
[ 2023-01-02 16:10:43,239 ] 89 root - INFO - Hypothesis ee_004: float64, float64 
[ 2023-01-02 16:10:43,246 ] 89 root - INFO - Hypothesis ee_005: float64, float64 
[ 2023-01-02 16:10:43,253 ] 89 root - INFO - Hypothesis ee_006: float64, float64 
[ 2023-01-02 16:10:43,259 ] 89 root - INFO - Hypothesis ee_007: float64, float64 
[ 2023-01-02 16:10:43,267 ] 89 root - INFO - Hypothesis ee_008: float64, float64 
[ 2023-01-02 16:10:43,273 ] 89 root - INFO - Hypothesis ee_009: float64, float64 
[ 2023-01-02 16:10:43,279 ] 89 root - INFO - Hypothesis ef_000: float64, float64 
[ 2023-01-02 16:10:43,282 ] 89 root - INFO - Hypothesis eg_000: float64, float64 
[ 2023-01-02 16:10:43,285 ] 148 root - INFO - Write reprt in yaml file
[ 2023-01-02 16:10:43,355 ] 153 root - INFO - Data validation artifact: DataValidationArtifact(report_file_path='/config/workspace/artifact/01022023__161016/data_validation/report.yaml')
[ 2023-01-02 16:10:43,358 ] 24 root - INFO - >>>>>>>>>>>>>>>>>>>>>>>>>>>>>>>>>>>>>>>> Data Transformation <<<<<<<<<<<<<<<<<<<<<<<<<<<<<<<<<<<<<<<<
[ 2023-01-02 16:10:44,266 ] 75 root - INFO - Before resampling in training set Input: (28950, 170) Target:(28950,)
[ 2023-01-02 16:10:49,915 ] 77 root - INFO - After resampling in training set Input: (56136, 170) Target:(56136,)
[ 2023-01-02 16:10:49,915 ] 79 root - INFO - Before resampling in testing set Input: (7238, 170) Target:(7238,)
[ 2023-01-02 16:10:50,607 ] 81 root - INFO - After resampling in testing set Input: (14060, 170) Target:(14060,)
[ 2023-01-02 16:10:50,716 ] 56 root - INFO - Entered the save_object method of utils
[ 2023-01-02 16:10:50,719 ] 60 root - INFO - Exited the save_object method of utils
[ 2023-01-02 16:10:50,719 ] 56 root - INFO - Entered the save_object method of utils
[ 2023-01-02 16:10:50,720 ] 60 root - INFO - Exited the save_object method of utils
[ 2023-01-02 16:10:50,720 ] 112 root - INFO - Data transformation object DataTransformationArtifact(transform_object_path='/config/workspace/artifact/01022023__161016/data_transformation/transformer/transformer.pkl', transformed_train_path='/config/workspace/artifact/01022023__161016/data_transformation/transformed/train.npz', transformed_test_path='/config/workspace/artifact/01022023__161016/data_transformation/transformed/test.npz', target_encoder_path='/config/workspace/artifact/01022023__161016/data_transformation/target_encoder/target_encoder.pkl')
[ 2023-01-02 16:10:50,721 ] 18 root - INFO - >>>>>>>>>>>>>>>>>>>>>>>>>>>>>>>>>>>>>>>> Model Trainer <<<<<<<<<<<<<<<<<<<<<<<<<<<<<<<<<<<<<<<<
[ 2023-01-02 16:10:50,721 ] 45 root - INFO - Loading train and test array.
[ 2023-01-02 16:10:50,751 ] 49 root - INFO - Splitting input and target feature from both train and test arr.
[ 2023-01-02 16:10:50,752 ] 53 root - INFO - Train the model
[ 2023-01-02 16:11:02,678 ] 56 root - INFO - Calculating f1 train score
[ 2023-01-02 16:11:02,725 ] 60 root - INFO - Calculating f1 test score
[ 2023-01-02 16:11:02,743 ] 64 root - INFO - train score:1.0 and tests score 0.9815747804807831
[ 2023-01-02 16:11:02,743 ] 66 root - INFO - Checking if our model is underfitting or not
[ 2023-01-02 16:11:02,743 ] 71 root - INFO - Checking if our model is overfiiting or not
[ 2023-01-02 16:11:02,743 ] 78 root - INFO - Saving mode object
[ 2023-01-02 16:11:02,743 ] 56 root - INFO - Entered the save_object method of utils
[ 2023-01-02 16:11:02,749 ] 60 root - INFO - Exited the save_object method of utils
[ 2023-01-02 16:11:02,749 ] 82 root - INFO - Prepare the artifact
[ 2023-01-02 16:11:02,749 ] 85 root - INFO - Model trainer artifact: ModelTrainerArtifact(model_path='/config/workspace/artifact/01022023__161016/model_trainer/model/model.pkl', f1_train_score=1.0, f1_test_score=0.9815747804807831)
[ 2023-01-02 16:11:02,750 ] 19 root - INFO - >>>>>>>>>>>>>>>>>>>>>>>>>>>>>>>>>>>>>>>>  Model Evaluation <<<<<<<<<<<<<<<<<<<<<<<<<<<<<<<<<<<<<<<<
[ 2023-01-02 16:11:02,751 ] 35 root - INFO - if saved model folder has model the we will compare which model is best trained or the model from saved model folder
[ 2023-01-02 16:11:02,751 ] 41 root - INFO - Model evaluation artifact: ModelEvaluationArtifact(is_model_accepted=True, improved_accuracy=None)
