[ 2023-01-02 16:13:46,726 ] 22 root - INFO - Exporting collection data as pandas dataframe
[ 2023-01-02 16:13:46,726 ] 21 root - INFO - Reading data from database: aps and collection: sensor
[ 2023-01-02 16:13:50,324 ] 26 root - INFO - Found columns: Index(['_id', 'class', 'aa_000', 'ab_000', 'ac_000', 'ad_000', 'ae_000',
       'af_000', 'ag_000', 'ag_001',
       ...
       'ee_002', 'ee_003', 'ee_004', 'ee_005', 'ee_006', 'ee_007', 'ee_008',
       'ee_009', 'ef_000', 'eg_000'],
      dtype='object', length=172)
[ 2023-01-02 16:13:50,326 ] 28 root - INFO - Dropping column: _id 
[ 2023-01-02 16:13:50,530 ] 30 root - INFO - Row and columns in df: (36188, 171)
[ 2023-01-02 16:13:50,530 ] 28 root - INFO - Save data in feature store
[ 2023-01-02 16:13:51,064 ] 34 root - INFO - Create feature store folder if not available
[ 2023-01-02 16:13:51,064 ] 38 root - INFO - Save df to feature store folder
[ 2023-01-02 16:13:53,460 ] 43 root - INFO - split dataset into train and test set
[ 2023-01-02 16:13:54,003 ] 47 root - INFO - create dataset directory folder if not available
[ 2023-01-02 16:13:54,004 ] 52 root - INFO - Save df to feature store folder
[ 2023-01-02 16:13:56,171 ] 64 root - INFO - Data ingestion artifact: DataIngestionArtifact(feature_store_file_path='/config/workspace/artifact/01022023__161346/data_ingestion/feature_store/sensor.csv', train_file_path='/config/workspace/artifact/01022023__161346/data_ingestion/dataset/train.csv', test_file_path='/config/workspace/artifact/01022023__161346/data_ingestion/dataset/test.csv')
[ 2023-01-02 16:13:56,628 ] 22 root - INFO - >>>>>>>>>>>>>>>>>>>>>>>>>>>>>>>>>>>>>>>> Data Validation <<<<<<<<<<<<<<<<<<<<<<<<<<<<<<<<<<<<<<<<
[ 2023-01-02 16:13:56,628 ] 111 root - INFO - Reading base dataframe
[ 2023-01-02 16:13:59,582 ] 114 root - INFO - Replace na value in base df
[ 2023-01-02 16:13:59,583 ] 116 root - INFO - Drop null values colums from base df
[ 2023-01-02 16:14:00,523 ] 45 root - INFO - selecting column name which contains null above to 0.2
[ 2023-01-02 16:14:00,524 ] 48 root - INFO - Columns to drop: ['ab_000', 'ad_000', 'bk_000', 'bl_000', 'bm_000', 'bn_000', 'bo_000', 'bp_000', 'bq_000', 'br_000', 'cf_000', 'cg_000', 'ch_000', 'co_000', 'cr_000', 'ct_000', 'cu_000', 'cv_000', 'cx_000', 'cy_000', 'cz_000', 'da_000', 'db_000', 'dc_000']
[ 2023-01-02 16:14:00,614 ] 119 root - INFO - Reading train dataframe
[ 2023-01-02 16:14:01,026 ] 121 root - INFO - Reading test dataframe
[ 2023-01-02 16:14:01,130 ] 124 root - INFO - Drop null values colums from train df
[ 2023-01-02 16:14:01,141 ] 45 root - INFO - selecting column name which contains null above to 0.2
[ 2023-01-02 16:14:01,141 ] 48 root - INFO - Columns to drop: ['ab_000', 'ad_000', 'bk_000', 'bl_000', 'bm_000', 'bn_000', 'bo_000', 'bp_000', 'bq_000', 'br_000', 'cf_000', 'cg_000', 'ch_000', 'co_000', 'cr_000', 'ct_000', 'cu_000', 'cv_000', 'cx_000', 'cy_000', 'cz_000', 'da_000', 'db_000', 'dc_000']
[ 2023-01-02 16:14:01,150 ] 126 root - INFO - Drop null values colums from test df
[ 2023-01-02 16:14:01,155 ] 45 root - INFO - selecting column name which contains null above to 0.2
[ 2023-01-02 16:14:01,155 ] 48 root - INFO - Columns to drop: ['ab_000', 'ad_000', 'bk_000', 'bl_000', 'bm_000', 'bn_000', 'bo_000', 'bp_000', 'bq_000', 'br_000', 'cf_000', 'cg_000', 'ch_000', 'co_000', 'cr_000', 'ct_000', 'cu_000', 'cv_000', 'cx_000', 'cy_000', 'cz_000', 'da_000', 'db_000', 'dc_000']
[ 2023-01-02 16:14:07,423 ] 135 root - INFO - Is all required columns present in train df
[ 2023-01-02 16:14:07,423 ] 137 root - INFO - Is all required columns present in test df
[ 2023-01-02 16:14:07,423 ] 141 root - INFO - As all column are available in train df hence detecting data drift
[ 2023-01-02 16:14:07,423 ] 89 root - INFO - Hypothesis class: object, object 
[ 2023-01-02 16:14:07,558 ] 89 root - INFO - Hypothesis aa_000: float64, float64 
[ 2023-01-02 16:14:07,569 ] 89 root - INFO - Hypothesis ac_000: float64, float64 
[ 2023-01-02 16:14:07,577 ] 89 root - INFO - Hypothesis ae_000: float64, float64 
[ 2023-01-02 16:14:07,614 ] 89 root - INFO - Hypothesis af_000: float64, float64 
[ 2023-01-02 16:14:07,650 ] 89 root - INFO - Hypothesis ag_000: float64, float64 
[ 2023-01-02 16:14:07,687 ] 89 root - INFO - Hypothesis ag_001: float64, float64 
[ 2023-01-02 16:14:07,722 ] 89 root - INFO - Hypothesis ag_002: float64, float64 
[ 2023-01-02 16:14:07,760 ] 89 root - INFO - Hypothesis ag_003: float64, float64 
[ 2023-01-02 16:14:07,801 ] 89 root - INFO - Hypothesis ag_004: float64, float64 
[ 2023-01-02 16:14:07,845 ] 89 root - INFO - Hypothesis ag_005: float64, float64 
[ 2023-01-02 16:14:07,855 ] 89 root - INFO - Hypothesis ag_006: float64, float64 
[ 2023-01-02 16:14:07,866 ] 89 root - INFO - Hypothesis ag_007: float64, float64 
[ 2023-01-02 16:14:07,876 ] 89 root - INFO - Hypothesis ag_008: float64, float64 
[ 2023-01-02 16:14:07,917 ] 89 root - INFO - Hypothesis ag_009: float64, float64 
[ 2023-01-02 16:14:07,957 ] 89 root - INFO - Hypothesis ah_000: float64, float64 
[ 2023-01-02 16:14:07,968 ] 89 root - INFO - Hypothesis ai_000: float64, float64 
[ 2023-01-02 16:14:08,005 ] 89 root - INFO - Hypothesis aj_000: float64, float64 
[ 2023-01-02 16:14:08,043 ] 89 root - INFO - Hypothesis ak_000: float64, float64 
[ 2023-01-02 16:14:08,080 ] 89 root - INFO - Hypothesis al_000: float64, float64 
[ 2023-01-02 16:14:08,087 ] 89 root - INFO - Hypothesis am_0: float64, float64 
[ 2023-01-02 16:14:08,095 ] 89 root - INFO - Hypothesis an_000: float64, float64 
[ 2023-01-02 16:14:08,106 ] 89 root - INFO - Hypothesis ao_000: float64, float64 
[ 2023-01-02 16:14:08,117 ] 89 root - INFO - Hypothesis ap_000: float64, float64 
[ 2023-01-02 16:14:08,128 ] 89 root - INFO - Hypothesis aq_000: float64, float64 
[ 2023-01-02 16:14:08,171 ] 89 root - INFO - Hypothesis ar_000: float64, float64 
[ 2023-01-02 16:14:08,209 ] 89 root - INFO - Hypothesis as_000: float64, float64 
[ 2023-01-02 16:14:08,248 ] 89 root - INFO - Hypothesis at_000: float64, float64 
[ 2023-01-02 16:14:08,285 ] 89 root - INFO - Hypothesis au_000: float64, float64 
[ 2023-01-02 16:14:08,321 ] 89 root - INFO - Hypothesis av_000: float64, float64 
[ 2023-01-02 16:14:08,361 ] 89 root - INFO - Hypothesis ax_000: float64, float64 
[ 2023-01-02 16:14:08,403 ] 89 root - INFO - Hypothesis ay_000: float64, float64 
[ 2023-01-02 16:14:08,438 ] 89 root - INFO - Hypothesis ay_001: float64, float64 
[ 2023-01-02 16:14:08,473 ] 89 root - INFO - Hypothesis ay_002: float64, float64 
[ 2023-01-02 16:14:08,510 ] 89 root - INFO - Hypothesis ay_003: float64, float64 
[ 2023-01-02 16:14:08,545 ] 89 root - INFO - Hypothesis ay_004: float64, float64 
[ 2023-01-02 16:14:08,581 ] 89 root - INFO - Hypothesis ay_005: float64, float64 
[ 2023-01-02 16:14:08,590 ] 89 root - INFO - Hypothesis ay_006: float64, float64 
[ 2023-01-02 16:14:08,599 ] 89 root - INFO - Hypothesis ay_007: float64, float64 
[ 2023-01-02 16:14:08,641 ] 89 root - INFO - Hypothesis ay_008: float64, float64 
[ 2023-01-02 16:14:08,684 ] 89 root - INFO - Hypothesis ay_009: float64, float64 
[ 2023-01-02 16:14:08,720 ] 89 root - INFO - Hypothesis az_000: float64, float64 
[ 2023-01-02 16:14:08,730 ] 89 root - INFO - Hypothesis az_001: float64, float64 
[ 2023-01-02 16:14:08,739 ] 89 root - INFO - Hypothesis az_002: float64, float64 
[ 2023-01-02 16:14:08,749 ] 89 root - INFO - Hypothesis az_003: float64, float64 
[ 2023-01-02 16:14:08,759 ] 89 root - INFO - Hypothesis az_004: float64, float64 
[ 2023-01-02 16:14:08,770 ] 89 root - INFO - Hypothesis az_005: float64, float64 
[ 2023-01-02 16:14:08,813 ] 89 root - INFO - Hypothesis az_006: float64, float64 
[ 2023-01-02 16:14:08,855 ] 89 root - INFO - Hypothesis az_007: float64, float64 
[ 2023-01-02 16:14:08,893 ] 89 root - INFO - Hypothesis az_008: float64, float64 
[ 2023-01-02 16:14:08,930 ] 89 root - INFO - Hypothesis az_009: float64, float64 
[ 2023-01-02 16:14:08,966 ] 89 root - INFO - Hypothesis ba_000: float64, float64 
[ 2023-01-02 16:14:08,977 ] 89 root - INFO - Hypothesis ba_001: float64, float64 
[ 2023-01-02 16:14:08,987 ] 89 root - INFO - Hypothesis ba_002: float64, float64 
[ 2023-01-02 16:14:08,998 ] 89 root - INFO - Hypothesis ba_003: float64, float64 
[ 2023-01-02 16:14:09,008 ] 89 root - INFO - Hypothesis ba_004: float64, float64 
[ 2023-01-02 16:14:09,018 ] 89 root - INFO - Hypothesis ba_005: float64, float64 
[ 2023-01-02 16:14:09,028 ] 89 root - INFO - Hypothesis ba_006: float64, float64 
[ 2023-01-02 16:14:09,038 ] 89 root - INFO - Hypothesis ba_007: float64, float64 
[ 2023-01-02 16:14:09,079 ] 89 root - INFO - Hypothesis ba_008: float64, float64 
[ 2023-01-02 16:14:09,088 ] 89 root - INFO - Hypothesis ba_009: float64, float64 
[ 2023-01-02 16:14:09,126 ] 89 root - INFO - Hypothesis bb_000: float64, float64 
[ 2023-01-02 16:14:09,137 ] 89 root - INFO - Hypothesis bc_000: float64, float64 
[ 2023-01-02 16:14:09,145 ] 89 root - INFO - Hypothesis bd_000: float64, float64 
[ 2023-01-02 16:14:09,185 ] 89 root - INFO - Hypothesis be_000: float64, float64 
[ 2023-01-02 16:14:09,194 ] 89 root - INFO - Hypothesis bf_000: float64, float64 
[ 2023-01-02 16:14:09,233 ] 89 root - INFO - Hypothesis bg_000: float64, float64 
[ 2023-01-02 16:14:09,244 ] 89 root - INFO - Hypothesis bh_000: float64, float64 
[ 2023-01-02 16:14:09,287 ] 89 root - INFO - Hypothesis bi_000: float64, float64 
[ 2023-01-02 16:14:09,300 ] 89 root - INFO - Hypothesis bj_000: float64, float64 
[ 2023-01-02 16:14:09,343 ] 89 root - INFO - Hypothesis bs_000: float64, float64 
[ 2023-01-02 16:14:09,354 ] 89 root - INFO - Hypothesis bt_000: float64, float64 
[ 2023-01-02 16:14:09,364 ] 89 root - INFO - Hypothesis bu_000: float64, float64 
[ 2023-01-02 16:14:09,374 ] 89 root - INFO - Hypothesis bv_000: float64, float64 
[ 2023-01-02 16:14:09,385 ] 89 root - INFO - Hypothesis bx_000: float64, float64 
[ 2023-01-02 16:14:09,395 ] 89 root - INFO - Hypothesis by_000: float64, float64 
[ 2023-01-02 16:14:09,405 ] 89 root - INFO - Hypothesis bz_000: float64, float64 
[ 2023-01-02 16:14:09,414 ] 89 root - INFO - Hypothesis ca_000: float64, float64 
[ 2023-01-02 16:14:09,425 ] 89 root - INFO - Hypothesis cb_000: float64, float64 
[ 2023-01-02 16:14:09,469 ] 89 root - INFO - Hypothesis cc_000: float64, float64 
[ 2023-01-02 16:14:09,479 ] 89 root - INFO - Hypothesis cd_000: float64, float64 
[ 2023-01-02 16:14:09,516 ] 89 root - INFO - Hypothesis ce_000: float64, float64 
[ 2023-01-02 16:14:09,558 ] 89 root - INFO - Hypothesis ci_000: float64, float64 
[ 2023-01-02 16:14:09,568 ] 89 root - INFO - Hypothesis cj_000: float64, float64 
[ 2023-01-02 16:14:09,606 ] 89 root - INFO - Hypothesis ck_000: float64, float64 
[ 2023-01-02 16:14:09,616 ] 89 root - INFO - Hypothesis cl_000: float64, float64 
[ 2023-01-02 16:14:09,623 ] 89 root - INFO - Hypothesis cm_000: float64, float64 
[ 2023-01-02 16:14:09,629 ] 89 root - INFO - Hypothesis cn_000: float64, float64 
[ 2023-01-02 16:14:09,665 ] 89 root - INFO - Hypothesis cn_001: float64, float64 
[ 2023-01-02 16:14:09,702 ] 89 root - INFO - Hypothesis cn_002: float64, float64 
[ 2023-01-02 16:14:09,711 ] 89 root - INFO - Hypothesis cn_003: float64, float64 
[ 2023-01-02 16:14:09,754 ] 89 root - INFO - Hypothesis cn_004: float64, float64 
[ 2023-01-02 16:14:09,765 ] 89 root - INFO - Hypothesis cn_005: float64, float64 
[ 2023-01-02 16:14:09,776 ] 89 root - INFO - Hypothesis cn_006: float64, float64 
[ 2023-01-02 16:14:09,787 ] 89 root - INFO - Hypothesis cn_007: float64, float64 
[ 2023-01-02 16:14:09,797 ] 89 root - INFO - Hypothesis cn_008: float64, float64 
[ 2023-01-02 16:14:09,806 ] 89 root - INFO - Hypothesis cn_009: float64, float64 
[ 2023-01-02 16:14:09,813 ] 89 root - INFO - Hypothesis cp_000: float64, float64 
[ 2023-01-02 16:14:09,853 ] 89 root - INFO - Hypothesis cq_000: float64, float64 
[ 2023-01-02 16:14:09,864 ] 89 root - INFO - Hypothesis cs_000: float64, float64 
[ 2023-01-02 16:14:09,873 ] 89 root - INFO - Hypothesis cs_001: float64, float64 
[ 2023-01-02 16:14:09,882 ] 89 root - INFO - Hypothesis cs_002: float64, float64 
[ 2023-01-02 16:14:09,924 ] 89 root - INFO - Hypothesis cs_003: float64, float64 
[ 2023-01-02 16:14:09,935 ] 89 root - INFO - Hypothesis cs_004: float64, float64 
[ 2023-01-02 16:14:09,978 ] 89 root - INFO - Hypothesis cs_005: float64, float64 
[ 2023-01-02 16:14:09,989 ] 89 root - INFO - Hypothesis cs_006: float64, float64 
[ 2023-01-02 16:14:10,031 ] 89 root - INFO - Hypothesis cs_007: float64, float64 
[ 2023-01-02 16:14:10,074 ] 89 root - INFO - Hypothesis cs_008: float64, float64 
[ 2023-01-02 16:14:10,082 ] 89 root - INFO - Hypothesis cs_009: float64, float64 
[ 2023-01-02 16:14:10,118 ] 89 root - INFO - Hypothesis dd_000: float64, float64 
[ 2023-01-02 16:14:10,127 ] 89 root - INFO - Hypothesis de_000: float64, float64 
[ 2023-01-02 16:14:10,135 ] 89 root - INFO - Hypothesis df_000: float64, float64 
[ 2023-01-02 16:14:10,172 ] 89 root - INFO - Hypothesis dg_000: float64, float64 
[ 2023-01-02 16:14:10,209 ] 89 root - INFO - Hypothesis dh_000: float64, float64 
[ 2023-01-02 16:14:10,246 ] 89 root - INFO - Hypothesis di_000: float64, float64 
[ 2023-01-02 16:14:10,284 ] 89 root - INFO - Hypothesis dj_000: float64, float64 
[ 2023-01-02 16:14:10,320 ] 89 root - INFO - Hypothesis dk_000: float64, float64 
[ 2023-01-02 16:14:10,356 ] 89 root - INFO - Hypothesis dl_000: float64, float64 
[ 2023-01-02 16:14:10,394 ] 89 root - INFO - Hypothesis dm_000: float64, float64 
[ 2023-01-02 16:14:10,430 ] 89 root - INFO - Hypothesis dn_000: float64, float64 
[ 2023-01-02 16:14:10,440 ] 89 root - INFO - Hypothesis do_000: float64, float64 
[ 2023-01-02 16:14:10,452 ] 89 root - INFO - Hypothesis dp_000: float64, float64 
[ 2023-01-02 16:14:10,461 ] 89 root - INFO - Hypothesis dq_000: float64, float64 
[ 2023-01-02 16:14:10,499 ] 89 root - INFO - Hypothesis dr_000: float64, float64 
[ 2023-01-02 16:14:10,537 ] 89 root - INFO - Hypothesis ds_000: float64, float64 
[ 2023-01-02 16:14:10,548 ] 89 root - INFO - Hypothesis dt_000: float64, float64 
[ 2023-01-02 16:14:10,558 ] 89 root - INFO - Hypothesis du_000: float64, float64 
[ 2023-01-02 16:14:10,568 ] 89 root - INFO - Hypothesis dv_000: float64, float64 
[ 2023-01-02 16:14:10,578 ] 89 root - INFO - Hypothesis dx_000: float64, float64 
[ 2023-01-02 16:14:10,617 ] 89 root - INFO - Hypothesis dy_000: float64, float64 
[ 2023-01-02 16:14:10,656 ] 89 root - INFO - Hypothesis dz_000: float64, float64 
[ 2023-01-02 16:14:10,692 ] 89 root - INFO - Hypothesis ea_000: float64, float64 
[ 2023-01-02 16:14:10,728 ] 89 root - INFO - Hypothesis eb_000: float64, float64 
[ 2023-01-02 16:14:10,737 ] 89 root - INFO - Hypothesis ec_00: float64, float64 
[ 2023-01-02 16:14:10,747 ] 89 root - INFO - Hypothesis ed_000: float64, float64 
[ 2023-01-02 16:14:10,756 ] 89 root - INFO - Hypothesis ee_000: float64, float64 
[ 2023-01-02 16:14:10,767 ] 89 root - INFO - Hypothesis ee_001: float64, float64 
[ 2023-01-02 16:14:10,779 ] 89 root - INFO - Hypothesis ee_002: float64, float64 
[ 2023-01-02 16:14:10,790 ] 89 root - INFO - Hypothesis ee_003: float64, float64 
[ 2023-01-02 16:14:10,800 ] 89 root - INFO - Hypothesis ee_004: float64, float64 
[ 2023-01-02 16:14:10,811 ] 89 root - INFO - Hypothesis ee_005: float64, float64 
[ 2023-01-02 16:14:10,822 ] 89 root - INFO - Hypothesis ee_006: float64, float64 
[ 2023-01-02 16:14:10,832 ] 89 root - INFO - Hypothesis ee_007: float64, float64 
[ 2023-01-02 16:14:10,842 ] 89 root - INFO - Hypothesis ee_008: float64, float64 
[ 2023-01-02 16:14:10,851 ] 89 root - INFO - Hypothesis ee_009: float64, float64 
[ 2023-01-02 16:14:10,858 ] 89 root - INFO - Hypothesis ef_000: float64, float64 
[ 2023-01-02 16:14:10,895 ] 89 root - INFO - Hypothesis eg_000: float64, float64 
[ 2023-01-02 16:14:10,931 ] 144 root - INFO - As all column are available in test df hence detecting data drift
[ 2023-01-02 16:14:10,932 ] 89 root - INFO - Hypothesis class: object, object 
[ 2023-01-02 16:14:11,006 ] 89 root - INFO - Hypothesis aa_000: float64, float64 
[ 2023-01-02 16:14:11,013 ] 89 root - INFO - Hypothesis ac_000: float64, float64 
[ 2023-01-02 16:14:11,018 ] 89 root - INFO - Hypothesis ae_000: float64, float64 
[ 2023-01-02 16:14:11,034 ] 89 root - INFO - Hypothesis af_000: float64, float64 
[ 2023-01-02 16:14:11,037 ] 89 root - INFO - Hypothesis ag_000: float64, float64 
[ 2023-01-02 16:14:11,052 ] 89 root - INFO - Hypothesis ag_001: float64, float64 
[ 2023-01-02 16:14:11,071 ] 89 root - INFO - Hypothesis ag_002: float64, float64 
[ 2023-01-02 16:14:11,087 ] 89 root - INFO - Hypothesis ag_003: float64, float64 
[ 2023-01-02 16:14:11,092 ] 89 root - INFO - Hypothesis ag_004: float64, float64 
[ 2023-01-02 16:14:11,099 ] 89 root - INFO - Hypothesis ag_005: float64, float64 
[ 2023-01-02 16:14:11,106 ] 89 root - INFO - Hypothesis ag_006: float64, float64 
[ 2023-01-02 16:14:11,113 ] 89 root - INFO - Hypothesis ag_007: float64, float64 
[ 2023-01-02 16:14:11,120 ] 89 root - INFO - Hypothesis ag_008: float64, float64 
[ 2023-01-02 16:14:11,126 ] 89 root - INFO - Hypothesis ag_009: float64, float64 
[ 2023-01-02 16:14:11,131 ] 89 root - INFO - Hypothesis ah_000: float64, float64 
[ 2023-01-02 16:14:11,138 ] 89 root - INFO - Hypothesis ai_000: float64, float64 
[ 2023-01-02 16:14:11,154 ] 89 root - INFO - Hypothesis aj_000: float64, float64 
[ 2023-01-02 16:14:11,158 ] 89 root - INFO - Hypothesis ak_000: float64, float64 
[ 2023-01-02 16:14:11,174 ] 89 root - INFO - Hypothesis al_000: float64, float64 
[ 2023-01-02 16:14:11,180 ] 89 root - INFO - Hypothesis am_0: float64, float64 
[ 2023-01-02 16:14:11,185 ] 89 root - INFO - Hypothesis an_000: float64, float64 
[ 2023-01-02 16:14:11,192 ] 89 root - INFO - Hypothesis ao_000: float64, float64 
[ 2023-01-02 16:14:11,199 ] 89 root - INFO - Hypothesis ap_000: float64, float64 
[ 2023-01-02 16:14:11,206 ] 89 root - INFO - Hypothesis aq_000: float64, float64 
[ 2023-01-02 16:14:11,213 ] 89 root - INFO - Hypothesis ar_000: float64, float64 
[ 2023-01-02 16:14:11,228 ] 89 root - INFO - Hypothesis as_000: float64, float64 
[ 2023-01-02 16:14:11,243 ] 89 root - INFO - Hypothesis at_000: float64, float64 
[ 2023-01-02 16:14:11,247 ] 89 root - INFO - Hypothesis au_000: float64, float64 
[ 2023-01-02 16:14:11,264 ] 89 root - INFO - Hypothesis av_000: float64, float64 
[ 2023-01-02 16:14:11,272 ] 89 root - INFO - Hypothesis ax_000: float64, float64 
[ 2023-01-02 16:14:11,278 ] 89 root - INFO - Hypothesis ay_000: float64, float64 
[ 2023-01-02 16:14:11,293 ] 89 root - INFO - Hypothesis ay_001: float64, float64 
[ 2023-01-02 16:14:11,308 ] 89 root - INFO - Hypothesis ay_002: float64, float64 
[ 2023-01-02 16:14:11,323 ] 89 root - INFO - Hypothesis ay_003: float64, float64 
[ 2023-01-02 16:14:11,338 ] 89 root - INFO - Hypothesis ay_004: float64, float64 
[ 2023-01-02 16:14:11,354 ] 89 root - INFO - Hypothesis ay_005: float64, float64 
[ 2023-01-02 16:14:11,359 ] 89 root - INFO - Hypothesis ay_006: float64, float64 
[ 2023-01-02 16:14:11,365 ] 89 root - INFO - Hypothesis ay_007: float64, float64 
[ 2023-01-02 16:14:11,372 ] 89 root - INFO - Hypothesis ay_008: float64, float64 
[ 2023-01-02 16:14:11,379 ] 89 root - INFO - Hypothesis ay_009: float64, float64 
[ 2023-01-02 16:14:11,393 ] 89 root - INFO - Hypothesis az_000: float64, float64 
[ 2023-01-02 16:14:11,400 ] 89 root - INFO - Hypothesis az_001: float64, float64 
[ 2023-01-02 16:14:11,406 ] 89 root - INFO - Hypothesis az_002: float64, float64 
[ 2023-01-02 16:14:11,413 ] 89 root - INFO - Hypothesis az_003: float64, float64 
[ 2023-01-02 16:14:11,420 ] 89 root - INFO - Hypothesis az_004: float64, float64 
[ 2023-01-02 16:14:11,427 ] 89 root - INFO - Hypothesis az_005: float64, float64 
[ 2023-01-02 16:14:11,434 ] 89 root - INFO - Hypothesis az_006: float64, float64 
[ 2023-01-02 16:14:11,440 ] 89 root - INFO - Hypothesis az_007: float64, float64 
[ 2023-01-02 16:14:11,444 ] 89 root - INFO - Hypothesis az_008: float64, float64 
[ 2023-01-02 16:14:11,460 ] 89 root - INFO - Hypothesis az_009: float64, float64 
[ 2023-01-02 16:14:11,475 ] 89 root - INFO - Hypothesis ba_000: float64, float64 
[ 2023-01-02 16:14:11,482 ] 89 root - INFO - Hypothesis ba_001: float64, float64 
[ 2023-01-02 16:14:11,489 ] 89 root - INFO - Hypothesis ba_002: float64, float64 
[ 2023-01-02 16:14:11,496 ] 89 root - INFO - Hypothesis ba_003: float64, float64 
[ 2023-01-02 16:14:11,503 ] 89 root - INFO - Hypothesis ba_004: float64, float64 
[ 2023-01-02 16:14:11,510 ] 89 root - INFO - Hypothesis ba_005: float64, float64 
[ 2023-01-02 16:14:11,517 ] 89 root - INFO - Hypothesis ba_006: float64, float64 
[ 2023-01-02 16:14:11,523 ] 89 root - INFO - Hypothesis ba_007: float64, float64 
[ 2023-01-02 16:14:11,530 ] 89 root - INFO - Hypothesis ba_008: float64, float64 
[ 2023-01-02 16:14:11,535 ] 89 root - INFO - Hypothesis ba_009: float64, float64 
[ 2023-01-02 16:14:11,540 ] 89 root - INFO - Hypothesis bb_000: float64, float64 
[ 2023-01-02 16:14:11,547 ] 89 root - INFO - Hypothesis bc_000: float64, float64 
[ 2023-01-02 16:14:11,552 ] 89 root - INFO - Hypothesis bd_000: float64, float64 
[ 2023-01-02 16:14:11,558 ] 89 root - INFO - Hypothesis be_000: float64, float64 
[ 2023-01-02 16:14:11,564 ] 89 root - INFO - Hypothesis bf_000: float64, float64 
[ 2023-01-02 16:14:11,568 ] 89 root - INFO - Hypothesis bg_000: float64, float64 
[ 2023-01-02 16:14:11,575 ] 89 root - INFO - Hypothesis bh_000: float64, float64 
[ 2023-01-02 16:14:11,582 ] 89 root - INFO - Hypothesis bi_000: float64, float64 
[ 2023-01-02 16:14:11,589 ] 89 root - INFO - Hypothesis bj_000: float64, float64 
[ 2023-01-02 16:14:11,596 ] 89 root - INFO - Hypothesis bs_000: float64, float64 
[ 2023-01-02 16:14:11,603 ] 89 root - INFO - Hypothesis bt_000: float64, float64 
[ 2023-01-02 16:14:11,610 ] 89 root - INFO - Hypothesis bu_000: float64, float64 
[ 2023-01-02 16:14:11,617 ] 89 root - INFO - Hypothesis bv_000: float64, float64 
[ 2023-01-02 16:14:11,624 ] 89 root - INFO - Hypothesis bx_000: float64, float64 
[ 2023-01-02 16:14:11,631 ] 89 root - INFO - Hypothesis by_000: float64, float64 
[ 2023-01-02 16:14:11,638 ] 89 root - INFO - Hypothesis bz_000: float64, float64 
[ 2023-01-02 16:14:11,644 ] 89 root - INFO - Hypothesis ca_000: float64, float64 
[ 2023-01-02 16:14:11,651 ] 89 root - INFO - Hypothesis cb_000: float64, float64 
[ 2023-01-02 16:14:11,658 ] 89 root - INFO - Hypothesis cc_000: float64, float64 
[ 2023-01-02 16:14:11,665 ] 89 root - INFO - Hypothesis cd_000: float64, float64 
[ 2023-01-02 16:14:11,680 ] 89 root - INFO - Hypothesis ce_000: float64, float64 
[ 2023-01-02 16:14:11,687 ] 89 root - INFO - Hypothesis ci_000: float64, float64 
[ 2023-01-02 16:14:11,694 ] 89 root - INFO - Hypothesis cj_000: float64, float64 
[ 2023-01-02 16:14:11,710 ] 89 root - INFO - Hypothesis ck_000: float64, float64 
[ 2023-01-02 16:14:11,717 ] 89 root - INFO - Hypothesis cl_000: float64, float64 
[ 2023-01-02 16:14:11,722 ] 89 root - INFO - Hypothesis cm_000: float64, float64 
[ 2023-01-02 16:14:11,726 ] 89 root - INFO - Hypothesis cn_000: float64, float64 
[ 2023-01-02 16:14:11,741 ] 89 root - INFO - Hypothesis cn_001: float64, float64 
[ 2023-01-02 16:14:11,745 ] 89 root - INFO - Hypothesis cn_002: float64, float64 
[ 2023-01-02 16:14:11,751 ] 89 root - INFO - Hypothesis cn_003: float64, float64 
[ 2023-01-02 16:14:11,758 ] 89 root - INFO - Hypothesis cn_004: float64, float64 
[ 2023-01-02 16:14:11,766 ] 89 root - INFO - Hypothesis cn_005: float64, float64 
[ 2023-01-02 16:14:11,774 ] 89 root - INFO - Hypothesis cn_006: float64, float64 
[ 2023-01-02 16:14:11,781 ] 89 root - INFO - Hypothesis cn_007: float64, float64 
[ 2023-01-02 16:14:11,788 ] 89 root - INFO - Hypothesis cn_008: float64, float64 
[ 2023-01-02 16:14:11,794 ] 89 root - INFO - Hypothesis cn_009: float64, float64 
[ 2023-01-02 16:14:11,799 ] 89 root - INFO - Hypothesis cp_000: float64, float64 
[ 2023-01-02 16:14:11,804 ] 89 root - INFO - Hypothesis cq_000: float64, float64 
[ 2023-01-02 16:14:11,812 ] 89 root - INFO - Hypothesis cs_000: float64, float64 
[ 2023-01-02 16:14:11,819 ] 89 root - INFO - Hypothesis cs_001: float64, float64 
[ 2023-01-02 16:14:11,825 ] 89 root - INFO - Hypothesis cs_002: float64, float64 
[ 2023-01-02 16:14:11,832 ] 89 root - INFO - Hypothesis cs_003: float64, float64 
[ 2023-01-02 16:14:11,839 ] 89 root - INFO - Hypothesis cs_004: float64, float64 
[ 2023-01-02 16:14:11,846 ] 89 root - INFO - Hypothesis cs_005: float64, float64 
[ 2023-01-02 16:14:11,853 ] 89 root - INFO - Hypothesis cs_006: float64, float64 
[ 2023-01-02 16:14:11,860 ] 89 root - INFO - Hypothesis cs_007: float64, float64 
[ 2023-01-02 16:14:11,867 ] 89 root - INFO - Hypothesis cs_008: float64, float64 
[ 2023-01-02 16:14:11,872 ] 89 root - INFO - Hypothesis cs_009: float64, float64 
[ 2023-01-02 16:14:11,876 ] 89 root - INFO - Hypothesis dd_000: float64, float64 
[ 2023-01-02 16:14:11,882 ] 89 root - INFO - Hypothesis de_000: float64, float64 
[ 2023-01-02 16:14:11,889 ] 89 root - INFO - Hypothesis df_000: float64, float64 
[ 2023-01-02 16:14:11,905 ] 89 root - INFO - Hypothesis dg_000: float64, float64 
[ 2023-01-02 16:14:11,920 ] 89 root - INFO - Hypothesis dh_000: float64, float64 
[ 2023-01-02 16:14:11,936 ] 89 root - INFO - Hypothesis di_000: float64, float64 
[ 2023-01-02 16:14:11,953 ] 89 root - INFO - Hypothesis dj_000: float64, float64 
[ 2023-01-02 16:14:11,968 ] 89 root - INFO - Hypothesis dk_000: float64, float64 
[ 2023-01-02 16:14:11,983 ] 89 root - INFO - Hypothesis dl_000: float64, float64 
[ 2023-01-02 16:14:11,998 ] 89 root - INFO - Hypothesis dm_000: float64, float64 
[ 2023-01-02 16:14:12,015 ] 89 root - INFO - Hypothesis dn_000: float64, float64 
[ 2023-01-02 16:14:12,022 ] 89 root - INFO - Hypothesis do_000: float64, float64 
[ 2023-01-02 16:14:12,029 ] 89 root - INFO - Hypothesis dp_000: float64, float64 
[ 2023-01-02 16:14:12,035 ] 89 root - INFO - Hypothesis dq_000: float64, float64 
[ 2023-01-02 16:14:12,040 ] 89 root - INFO - Hypothesis dr_000: float64, float64 
[ 2023-01-02 16:14:12,044 ] 89 root - INFO - Hypothesis ds_000: float64, float64 
[ 2023-01-02 16:14:12,051 ] 89 root - INFO - Hypothesis dt_000: float64, float64 
[ 2023-01-02 16:14:12,058 ] 89 root - INFO - Hypothesis du_000: float64, float64 
[ 2023-01-02 16:14:12,065 ] 89 root - INFO - Hypothesis dv_000: float64, float64 
[ 2023-01-02 16:14:12,071 ] 89 root - INFO - Hypothesis dx_000: float64, float64 
[ 2023-01-02 16:14:12,077 ] 89 root - INFO - Hypothesis dy_000: float64, float64 
[ 2023-01-02 16:14:12,082 ] 89 root - INFO - Hypothesis dz_000: float64, float64 
[ 2023-01-02 16:14:12,097 ] 89 root - INFO - Hypothesis ea_000: float64, float64 
[ 2023-01-02 16:14:12,101 ] 89 root - INFO - Hypothesis eb_000: float64, float64 
[ 2023-01-02 16:14:12,107 ] 89 root - INFO - Hypothesis ec_00: float64, float64 
[ 2023-01-02 16:14:12,113 ] 89 root - INFO - Hypothesis ed_000: float64, float64 
[ 2023-01-02 16:14:12,119 ] 89 root - INFO - Hypothesis ee_000: float64, float64 
[ 2023-01-02 16:14:12,126 ] 89 root - INFO - Hypothesis ee_001: float64, float64 
[ 2023-01-02 16:14:12,134 ] 89 root - INFO - Hypothesis ee_002: float64, float64 
[ 2023-01-02 16:14:12,141 ] 89 root - INFO - Hypothesis ee_003: float64, float64 
[ 2023-01-02 16:14:12,147 ] 89 root - INFO - Hypothesis ee_004: float64, float64 
[ 2023-01-02 16:14:12,154 ] 89 root - INFO - Hypothesis ee_005: float64, float64 
[ 2023-01-02 16:14:12,161 ] 89 root - INFO - Hypothesis ee_006: float64, float64 
[ 2023-01-02 16:14:12,168 ] 89 root - INFO - Hypothesis ee_007: float64, float64 
[ 2023-01-02 16:14:12,175 ] 89 root - INFO - Hypothesis ee_008: float64, float64 
[ 2023-01-02 16:14:12,181 ] 89 root - INFO - Hypothesis ee_009: float64, float64 
[ 2023-01-02 16:14:12,186 ] 89 root - INFO - Hypothesis ef_000: float64, float64 
[ 2023-01-02 16:14:12,201 ] 89 root - INFO - Hypothesis eg_000: float64, float64 
[ 2023-01-02 16:14:12,219 ] 148 root - INFO - Write reprt in yaml file
[ 2023-01-02 16:14:12,291 ] 153 root - INFO - Data validation artifact: DataValidationArtifact(report_file_path='/config/workspace/artifact/01022023__161346/data_validation/report.yaml')
[ 2023-01-02 16:14:12,294 ] 24 root - INFO - >>>>>>>>>>>>>>>>>>>>>>>>>>>>>>>>>>>>>>>> Data Transformation <<<<<<<<<<<<<<<<<<<<<<<<<<<<<<<<<<<<<<<<
[ 2023-01-02 16:14:13,200 ] 75 root - INFO - Before resampling in training set Input: (28950, 170) Target:(28950,)
[ 2023-01-02 16:14:19,064 ] 77 root - INFO - After resampling in training set Input: (56130, 170) Target:(56130,)
[ 2023-01-02 16:14:19,064 ] 79 root - INFO - Before resampling in testing set Input: (7238, 170) Target:(7238,)
[ 2023-01-02 16:14:19,849 ] 81 root - INFO - After resampling in testing set Input: (14082, 170) Target:(14082,)
[ 2023-01-02 16:14:19,962 ] 56 root - INFO - Entered the save_object method of utils
[ 2023-01-02 16:14:19,965 ] 60 root - INFO - Exited the save_object method of utils
[ 2023-01-02 16:14:19,966 ] 56 root - INFO - Entered the save_object method of utils
[ 2023-01-02 16:14:19,966 ] 60 root - INFO - Exited the save_object method of utils
[ 2023-01-02 16:14:19,966 ] 112 root - INFO - Data transformation object DataTransformationArtifact(transform_object_path='/config/workspace/artifact/01022023__161346/data_transformation/transformer/transformer.pkl', transformed_train_path='/config/workspace/artifact/01022023__161346/data_transformation/transformed/train.npz', transformed_test_path='/config/workspace/artifact/01022023__161346/data_transformation/transformed/test.npz', target_encoder_path='/config/workspace/artifact/01022023__161346/data_transformation/target_encoder/target_encoder.pkl')
[ 2023-01-02 16:14:19,968 ] 18 root - INFO - >>>>>>>>>>>>>>>>>>>>>>>>>>>>>>>>>>>>>>>> Model Trainer <<<<<<<<<<<<<<<<<<<<<<<<<<<<<<<<<<<<<<<<
[ 2023-01-02 16:14:19,968 ] 45 root - INFO - Loading train and test array.
[ 2023-01-02 16:14:19,999 ] 49 root - INFO - Splitting input and target feature from both train and test arr.
[ 2023-01-02 16:14:19,999 ] 53 root - INFO - Train the model
[ 2023-01-02 16:14:32,935 ] 56 root - INFO - Calculating f1 train score
[ 2023-01-02 16:14:32,982 ] 60 root - INFO - Calculating f1 test score
[ 2023-01-02 16:14:32,998 ] 64 root - INFO - train score:0.9999643684304294 and tests score 0.983050847457627
[ 2023-01-02 16:14:32,999 ] 66 root - INFO - Checking if our model is underfitting or not
[ 2023-01-02 16:14:32,999 ] 71 root - INFO - Checking if our model is overfiiting or not
[ 2023-01-02 16:14:32,999 ] 78 root - INFO - Saving mode object
[ 2023-01-02 16:14:32,999 ] 56 root - INFO - Entered the save_object method of utils
[ 2023-01-02 16:14:33,005 ] 60 root - INFO - Exited the save_object method of utils
[ 2023-01-02 16:14:33,006 ] 82 root - INFO - Prepare the artifact
[ 2023-01-02 16:14:33,006 ] 85 root - INFO - Model trainer artifact: ModelTrainerArtifact(model_path='/config/workspace/artifact/01022023__161346/model_trainer/model/model.pkl', f1_train_score=0.9999643684304294, f1_test_score=0.983050847457627)
[ 2023-01-02 16:14:33,008 ] 19 root - INFO - >>>>>>>>>>>>>>>>>>>>>>>>>>>>>>>>>>>>>>>>  Model Evaluation <<<<<<<<<<<<<<<<<<<<<<<<<<<<<<<<<<<<<<<<
[ 2023-01-02 16:14:33,008 ] 35 root - INFO - if saved model folder has model the we will compare which model is best trained or the model from saved model folder
[ 2023-01-02 16:14:33,008 ] 41 root - INFO - Model evaluation artifact: ModelEvaluationArtifact(is_model_accepted=True, improved_accuracy=None)
